[2024-06-09 00:47:30] local.ERROR: SQLSTATE[28000] [1045] Access denied for user 'root'@'localhost' (using password: NO) (SQL: SET FOREIGN_KEY_CHECKS=0;) {"exception":"[object] (Illuminate\\Database\\QueryException(code: 1045): SQLSTATE[28000] [1045] Access denied for user 'root'@'localhost' (using password: NO) (SQL: SET FOREIGN_KEY_CHECKS=0;) at /home/datadigix/easylist.datadigix.com/vendor/laravel/framework/src/Illuminate/Database/Connection.php:760)
[stacktrace]
#0 /home/datadigix/easylist.datadigix.com/vendor/laravel/framework/src/Illuminate/Database/Connection.php(720): Illuminate\\Database\\Connection->runQueryCallback()
#1 /home/datadigix/easylist.datadigix.com/vendor/laravel/framework/src/Illuminate/Database/Connection.php(534): Illuminate\\Database\\Connection->run()
#2 /home/datadigix/easylist.datadigix.com/vendor/laravel/framework/src/Illuminate/Database/DatabaseManager.php(469): Illuminate\\Database\\Connection->statement()
#3 /home/datadigix/easylist.datadigix.com/vendor/laravel/framework/src/Illuminate/Support/Facades/Facade.php(338): Illuminate\\Database\\DatabaseManager->__call()
#4 /home/datadigix/easylist.datadigix.com/app/Console/Commands/RunMigrationsWithoutForeignKeys.php(17): Illuminate\\Support\\Facades\\Facade::__callStatic()
#5 /home/datadigix/easylist.datadigix.com/vendor/laravel/framework/src/Illuminate/Container/BoundMethod.php(36): App\\Console\\Commands\\RunMigrationsWithoutForeignKeys->handle()
#6 /home/datadigix/easylist.datadigix.com/vendor/laravel/framework/src/Illuminate/Container/Util.php(41): Illuminate\\Container\\BoundMethod::Illuminate\\Container\\{closure}()
#7 /home/datadigix/easylist.datadigix.com/vendor/laravel/framework/src/Illuminate/Container/BoundMethod.php(93): Illuminate\\Container\\Util::unwrapIfClosure()
#8 /home/datadigix/easylist.datadigix.com/vendor/laravel/framework/src/Illuminate/Container/BoundMethod.php(35): Illuminate\\Container\\BoundMethod::callBoundMethod()
#9 /home/datadigix/easylist.datadigix.com/vendor/laravel/framework/src/Illuminate/Container/Container.php(661): Illuminate\\Container\\BoundMethod::call()
#10 /home/datadigix/easylist.datadigix.com/vendor/laravel/framework/src/Illuminate/Console/Command.php(183): Illuminate\\Container\\Container->call()
#11 /home/datadigix/easylist.datadigix.com/vendor/symfony/console/Command/Command.php(326): Illuminate\\Console\\Command->execute()
#12 /home/datadigix/easylist.datadigix.com/vendor/laravel/framework/src/Illuminate/Console/Command.php(152): Symfony\\Component\\Console\\Command\\Command->run()
#13 /home/datadigix/easylist.datadigix.com/vendor/symfony/console/Application.php(1078): Illuminate\\Console\\Command->run()
#14 /home/datadigix/easylist.datadigix.com/vendor/symfony/console/Application.php(324): Symfony\\Component\\Console\\Application->doRunCommand()
#15 /home/datadigix/easylist.datadigix.com/vendor/symfony/console/Application.php(175): Symfony\\Component\\Console\\Application->doRun()
#16 /home/datadigix/easylist.datadigix.com/vendor/laravel/framework/src/Illuminate/Console/Application.php(102): Symfony\\Component\\Console\\Application->run()
#17 /home/datadigix/easylist.datadigix.com/vendor/laravel/framework/src/Illuminate/Foundation/Console/Kernel.php(155): Illuminate\\Console\\Application->run()
#18 /home/datadigix/easylist.datadigix.com/artisan(35): Illuminate\\Foundation\\Console\\Kernel->handle()
#19 {main}

[previous exception] [object] (PDOException(code: 1045): SQLSTATE[28000] [1045] Access denied for user 'root'@'localhost' (using password: NO) at /home/datadigix/easylist.datadigix.com/vendor/laravel/framework/src/Illuminate/Database/Connectors/Connector.php:70)
[stacktrace]
#0 /home/datadigix/easylist.datadigix.com/vendor/laravel/framework/src/Illuminate/Database/Connectors/Connector.php(70): PDO->__construct()
#1 /home/datadigix/easylist.datadigix.com/vendor/laravel/framework/src/Illuminate/Database/Connectors/Connector.php(45): Illuminate\\Database\\Connectors\\Connector->createPdoConnection()
#2 /home/datadigix/easylist.datadigix.com/vendor/laravel/framework/src/Illuminate/Database/Connectors/MySqlConnector.php(24): Illuminate\\Database\\Connectors\\Connector->createConnection()
#3 /home/datadigix/easylist.datadigix.com/vendor/laravel/framework/src/Illuminate/Database/Connectors/ConnectionFactory.php(184): Illuminate\\Database\\Connectors\\MySqlConnector->connect()
#4 [internal function]: Illuminate\\Database\\Connectors\\ConnectionFactory->Illuminate\\Database\\Connectors\\{closure}()
#5 /home/datadigix/easylist.datadigix.com/vendor/laravel/framework/src/Illuminate/Database/Connection.php(1181): call_user_func()
#6 /home/datadigix/easylist.datadigix.com/vendor/laravel/framework/src/Illuminate/Database/Connection.php(539): Illuminate\\Database\\Connection->getPdo()
#7 /home/datadigix/easylist.datadigix.com/vendor/laravel/framework/src/Illuminate/Database/Connection.php(753): Illuminate\\Database\\Connection->Illuminate\\Database\\{closure}()
#8 /home/datadigix/easylist.datadigix.com/vendor/laravel/framework/src/Illuminate/Database/Connection.php(720): Illuminate\\Database\\Connection->runQueryCallback()
#9 /home/datadigix/easylist.datadigix.com/vendor/laravel/framework/src/Illuminate/Database/Connection.php(534): Illuminate\\Database\\Connection->run()
#10 /home/datadigix/easylist.datadigix.com/vendor/laravel/framework/src/Illuminate/Database/DatabaseManager.php(469): Illuminate\\Database\\Connection->statement()
#11 /home/datadigix/easylist.datadigix.com/vendor/laravel/framework/src/Illuminate/Support/Facades/Facade.php(338): Illuminate\\Database\\DatabaseManager->__call()
#12 /home/datadigix/easylist.datadigix.com/app/Console/Commands/RunMigrationsWithoutForeignKeys.php(17): Illuminate\\Support\\Facades\\Facade::__callStatic()
#13 /home/datadigix/easylist.datadigix.com/vendor/laravel/framework/src/Illuminate/Container/BoundMethod.php(36): App\\Console\\Commands\\RunMigrationsWithoutForeignKeys->handle()
#14 /home/datadigix/easylist.datadigix.com/vendor/laravel/framework/src/Illuminate/Container/Util.php(41): Illuminate\\Container\\BoundMethod::Illuminate\\Container\\{closure}()
#15 /home/datadigix/easylist.datadigix.com/vendor/laravel/framework/src/Illuminate/Container/BoundMethod.php(93): Illuminate\\Container\\Util::unwrapIfClosure()
#16 /home/datadigix/easylist.datadigix.com/vendor/laravel/framework/src/Illuminate/Container/BoundMethod.php(35): Illuminate\\Container\\BoundMethod::callBoundMethod()
#17 /home/datadigix/easylist.datadigix.com/vendor/laravel/framework/src/Illuminate/Container/Container.php(661): Illuminate\\Container\\BoundMethod::call()
#18 /home/datadigix/easylist.datadigix.com/vendor/laravel/framework/src/Illuminate/Console/Command.php(183): Illuminate\\Container\\Container->call()
#19 /home/datadigix/easylist.datadigix.com/vendor/symfony/console/Command/Command.php(326): Illuminate\\Console\\Command->execute()
#20 /home/datadigix/easylist.datadigix.com/vendor/laravel/framework/src/Illuminate/Console/Command.php(152): Symfony\\Component\\Console\\Command\\Command->run()
#21 /home/datadigix/easylist.datadigix.com/vendor/symfony/console/Application.php(1078): Illuminate\\Console\\Command->run()
#22 /home/datadigix/easylist.datadigix.com/vendor/symfony/console/Application.php(324): Symfony\\Component\\Console\\Application->doRunCommand()
#23 /home/datadigix/easylist.datadigix.com/vendor/symfony/console/Application.php(175): Symfony\\Component\\Console\\Application->doRun()
#24 /home/datadigix/easylist.datadigix.com/vendor/laravel/framework/src/Illuminate/Console/Application.php(102): Symfony\\Component\\Console\\Application->run()
#25 /home/datadigix/easylist.datadigix.com/vendor/laravel/framework/src/Illuminate/Foundation/Console/Kernel.php(155): Illuminate\\Console\\Application->run()
#26 /home/datadigix/easylist.datadigix.com/artisan(35): Illuminate\\Foundation\\Console\\Kernel->handle()
#27 {main}
"} 
[2024-06-09 00:48:27] local.ERROR: SQLSTATE[28000] [1045] Access denied for user 'root'@'localhost' (using password: NO) (SQL: SET FOREIGN_KEY_CHECKS=0;) {"exception":"[object] (Illuminate\\Database\\QueryException(code: 1045): SQLSTATE[28000] [1045] Access denied for user 'root'@'localhost' (using password: NO) (SQL: SET FOREIGN_KEY_CHECKS=0;) at /home/datadigix/easylist.datadigix.com/vendor/laravel/framework/src/Illuminate/Database/Connection.php:760)
[stacktrace]
#0 /home/datadigix/easylist.datadigix.com/vendor/laravel/framework/src/Illuminate/Database/Connection.php(720): Illuminate\\Database\\Connection->runQueryCallback()
#1 /home/datadigix/easylist.datadigix.com/vendor/laravel/framework/src/Illuminate/Database/Connection.php(534): Illuminate\\Database\\Connection->run()
#2 /home/datadigix/easylist.datadigix.com/vendor/laravel/framework/src/Illuminate/Database/DatabaseManager.php(469): Illuminate\\Database\\Connection->statement()
#3 /home/datadigix/easylist.datadigix.com/vendor/laravel/framework/src/Illuminate/Support/Facades/Facade.php(338): Illuminate\\Database\\DatabaseManager->__call()
#4 /home/datadigix/easylist.datadigix.com/app/Console/Commands/RunMigrationsWithoutForeignKeys.php(17): Illuminate\\Support\\Facades\\Facade::__callStatic()
#5 /home/datadigix/easylist.datadigix.com/vendor/laravel/framework/src/Illuminate/Container/BoundMethod.php(36): App\\Console\\Commands\\RunMigrationsWithoutForeignKeys->handle()
#6 /home/datadigix/easylist.datadigix.com/vendor/laravel/framework/src/Illuminate/Container/Util.php(41): Illuminate\\Container\\BoundMethod::Illuminate\\Container\\{closure}()
#7 /home/datadigix/easylist.datadigix.com/vendor/laravel/framework/src/Illuminate/Container/BoundMethod.php(93): Illuminate\\Container\\Util::unwrapIfClosure()
#8 /home/datadigix/easylist.datadigix.com/vendor/laravel/framework/src/Illuminate/Container/BoundMethod.php(35): Illuminate\\Container\\BoundMethod::callBoundMethod()
#9 /home/datadigix/easylist.datadigix.com/vendor/laravel/framework/src/Illuminate/Container/Container.php(661): Illuminate\\Container\\BoundMethod::call()
#10 /home/datadigix/easylist.datadigix.com/vendor/laravel/framework/src/Illuminate/Console/Command.php(183): Illuminate\\Container\\Container->call()
#11 /home/datadigix/easylist.datadigix.com/vendor/symfony/console/Command/Command.php(326): Illuminate\\Console\\Command->execute()
#12 /home/datadigix/easylist.datadigix.com/vendor/laravel/framework/src/Illuminate/Console/Command.php(152): Symfony\\Component\\Console\\Command\\Command->run()
#13 /home/datadigix/easylist.datadigix.com/vendor/symfony/console/Application.php(1078): Illuminate\\Console\\Command->run()
#14 /home/datadigix/easylist.datadigix.com/vendor/symfony/console/Application.php(324): Symfony\\Component\\Console\\Application->doRunCommand()
#15 /home/datadigix/easylist.datadigix.com/vendor/symfony/console/Application.php(175): Symfony\\Component\\Console\\Application->doRun()
#16 /home/datadigix/easylist.datadigix.com/vendor/laravel/framework/src/Illuminate/Console/Application.php(102): Symfony\\Component\\Console\\Application->run()
#17 /home/datadigix/easylist.datadigix.com/vendor/laravel/framework/src/Illuminate/Foundation/Console/Kernel.php(155): Illuminate\\Console\\Application->run()
#18 /home/datadigix/easylist.datadigix.com/artisan(35): Illuminate\\Foundation\\Console\\Kernel->handle()
#19 {main}

[previous exception] [object] (PDOException(code: 1045): SQLSTATE[28000] [1045] Access denied for user 'root'@'localhost' (using password: NO) at /home/datadigix/easylist.datadigix.com/vendor/laravel/framework/src/Illuminate/Database/Connectors/Connector.php:70)
[stacktrace]
#0 /home/datadigix/easylist.datadigix.com/vendor/laravel/framework/src/Illuminate/Database/Connectors/Connector.php(70): PDO->__construct()
#1 /home/datadigix/easylist.datadigix.com/vendor/laravel/framework/src/Illuminate/Database/Connectors/Connector.php(45): Illuminate\\Database\\Connectors\\Connector->createPdoConnection()
#2 /home/datadigix/easylist.datadigix.com/vendor/laravel/framework/src/Illuminate/Database/Connectors/MySqlConnector.php(24): Illuminate\\Database\\Connectors\\Connector->createConnection()
#3 /home/datadigix/easylist.datadigix.com/vendor/laravel/framework/src/Illuminate/Database/Connectors/ConnectionFactory.php(184): Illuminate\\Database\\Connectors\\MySqlConnector->connect()
#4 [internal function]: Illuminate\\Database\\Connectors\\ConnectionFactory->Illuminate\\Database\\Connectors\\{closure}()
#5 /home/datadigix/easylist.datadigix.com/vendor/laravel/framework/src/Illuminate/Database/Connection.php(1181): call_user_func()
#6 /home/datadigix/easylist.datadigix.com/vendor/laravel/framework/src/Illuminate/Database/Connection.php(539): Illuminate\\Database\\Connection->getPdo()
#7 /home/datadigix/easylist.datadigix.com/vendor/laravel/framework/src/Illuminate/Database/Connection.php(753): Illuminate\\Database\\Connection->Illuminate\\Database\\{closure}()
#8 /home/datadigix/easylist.datadigix.com/vendor/laravel/framework/src/Illuminate/Database/Connection.php(720): Illuminate\\Database\\Connection->runQueryCallback()
#9 /home/datadigix/easylist.datadigix.com/vendor/laravel/framework/src/Illuminate/Database/Connection.php(534): Illuminate\\Database\\Connection->run()
#10 /home/datadigix/easylist.datadigix.com/vendor/laravel/framework/src/Illuminate/Database/DatabaseManager.php(469): Illuminate\\Database\\Connection->statement()
#11 /home/datadigix/easylist.datadigix.com/vendor/laravel/framework/src/Illuminate/Support/Facades/Facade.php(338): Illuminate\\Database\\DatabaseManager->__call()
#12 /home/datadigix/easylist.datadigix.com/app/Console/Commands/RunMigrationsWithoutForeignKeys.php(17): Illuminate\\Support\\Facades\\Facade::__callStatic()
#13 /home/datadigix/easylist.datadigix.com/vendor/laravel/framework/src/Illuminate/Container/BoundMethod.php(36): App\\Console\\Commands\\RunMigrationsWithoutForeignKeys->handle()
#14 /home/datadigix/easylist.datadigix.com/vendor/laravel/framework/src/Illuminate/Container/Util.php(41): Illuminate\\Container\\BoundMethod::Illuminate\\Container\\{closure}()
#15 /home/datadigix/easylist.datadigix.com/vendor/laravel/framework/src/Illuminate/Container/BoundMethod.php(93): Illuminate\\Container\\Util::unwrapIfClosure()
#16 /home/datadigix/easylist.datadigix.com/vendor/laravel/framework/src/Illuminate/Container/BoundMethod.php(35): Illuminate\\Container\\BoundMethod::callBoundMethod()
#17 /home/datadigix/easylist.datadigix.com/vendor/laravel/framework/src/Illuminate/Container/Container.php(661): Illuminate\\Container\\BoundMethod::call()
#18 /home/datadigix/easylist.datadigix.com/vendor/laravel/framework/src/Illuminate/Console/Command.php(183): Illuminate\\Container\\Container->call()
#19 /home/datadigix/easylist.datadigix.com/vendor/symfony/console/Command/Command.php(326): Illuminate\\Console\\Command->execute()
#20 /home/datadigix/easylist.datadigix.com/vendor/laravel/framework/src/Illuminate/Console/Command.php(152): Symfony\\Component\\Console\\Command\\Command->run()
#21 /home/datadigix/easylist.datadigix.com/vendor/symfony/console/Application.php(1078): Illuminate\\Console\\Command->run()
#22 /home/datadigix/easylist.datadigix.com/vendor/symfony/console/Application.php(324): Symfony\\Component\\Console\\Application->doRunCommand()
#23 /home/datadigix/easylist.datadigix.com/vendor/symfony/console/Application.php(175): Symfony\\Component\\Console\\Application->doRun()
#24 /home/datadigix/easylist.datadigix.com/vendor/laravel/framework/src/Illuminate/Console/Application.php(102): Symfony\\Component\\Console\\Application->run()
#25 /home/datadigix/easylist.datadigix.com/vendor/laravel/framework/src/Illuminate/Foundation/Console/Kernel.php(155): Illuminate\\Console\\Application->run()
#26 /home/datadigix/easylist.datadigix.com/artisan(35): Illuminate\\Foundation\\Console\\Kernel->handle()
#27 {main}
"} 
